Build started 10/11/2016 19:32:06.
     1>Project "E:\practise\graphic\Graphics For Games\8) Index Buffers\Tutorial8.vcxproj" on node 2 (Build target(s)).
     1>ClCompile:
         C:\Program Files (x86)\Microsoft Visual Studio 14.0\VC\bin\CL.exe /c /ZI /nologo /W3 /WX- /Od /Oy- /D _MBCS /Gm /EHsc /RTC1 /MDd /GS /fp:precise /Zc:wchar_t /Zc:forScope /Zc:inline /Fo"Debug\\" /Fd"Debug\vc140.pdb" /Gd /TP /analyze- /errorReport:prompt Renderer.cpp tutorial8.cpp
         Renderer.cpp
         Generating Code...
         Compiling...
         tutorial8.cpp
         Generating Code...
       Link:
         C:\Program Files (x86)\Microsoft Visual Studio 14.0\VC\bin\link.exe /ERRORREPORT:PROMPT /OUT:"E:\practise\graphic\Graphics For Games\Debug\Tutorial 08 - Index Buffers.exe" /INCREMENTAL /NOLOGO kernel32.lib user32.lib gdi32.lib winspool.lib comdlg32.lib advapi32.lib shell32.lib ole32.lib oleaut32.lib uuid.lib odbc32.lib odbccp32.lib /MANIFEST /MANIFESTUAC:"level='asInvoker' uiAccess='false'" /manifest:embed /Debug /PDB:"E:\practise\graphic\Graphics For Games\Debug\Tutorial 08 - Index Buffers.pdb" /TLBID:1 /DYNAMICBASE /NXCOMPAT /IMPLIB:"E:\practise\graphic\Graphics For Games\Debug\Tutorial 08 - Index Buffers.lib" /MACHINE:X86 Debug\Renderer.obj
         Debug\tutorial8.obj
     1>Renderer.obj : warning LNK4049: locally defined symbol ___glewGetUniformLocation imported
     1>Renderer.obj : warning LNK4049: locally defined symbol ___glewUniform1i imported
     1>Renderer.obj : warning LNK4049: locally defined symbol ___glewUniform4fv imported
     1>Renderer.obj : warning LNK4049: locally defined symbol ___glewUniformMatrix4fv imported
     1>Renderer.obj : warning LNK4049: locally defined symbol ___glewUseProgram imported
     1>glew32.lib(glew.obj) : warning LNK4099: PDB 'vc120.pdb' was not found with 'glew32.lib(glew.obj)' or at 'E:\practise\graphic\Graphics For Games\Debug\vc120.pdb'; linking object as if no debug info
         Tutorial8.vcxproj -> E:\practise\graphic\Graphics For Games\Debug\Tutorial 08 - Index Buffers.exe
     1>Done Building Project "E:\practise\graphic\Graphics For Games\8) Index Buffers\Tutorial8.vcxproj" (Build target(s)).

Build succeeded.

Time Elapsed 00:00:01.76
