Build started 22/11/2016 14:17:41.
     1>Project "E:\practise\graphic\Graphics For Games\Extra - Geometry Shaders\Geometry.vcxproj" on node 2 (Rebuild target(s)).
     1>ClCompile:
         C:\Program Files (x86)\Microsoft Visual Studio 14.0\VC\bin\CL.exe /c /ZI /nologo /W3 /WX- /Od /Oy- /D _MBCS /Gm /EHsc /RTC1 /MDd /GS /fp:precise /Zc:wchar_t /Zc:forScope /Zc:inline /Fo"Debug\\" /Fd"Debug\vc140.pdb" /Gd /TP /analyze- /errorReport:prompt Renderer.cpp "Geometry Shaders.cpp"
         Geometry Shaders.cpp
         Renderer.cpp
     1>e:\practise\graphic\graphics for games\extra - geometry shaders\renderer.cpp(43): warning C4244: 'argument': conversion from 'float' to 'int', possible loss of data
         Generating Code...
       Link:
         C:\Program Files (x86)\Microsoft Visual Studio 14.0\VC\bin\link.exe /ERRORREPORT:PROMPT /OUT:"E:\practise\graphic\Graphics For Games\Debug\Extra - Geometry Shaders.exe" /INCREMENTAL /NOLOGO kernel32.lib user32.lib gdi32.lib winspool.lib comdlg32.lib advapi32.lib shell32.lib ole32.lib oleaut32.lib uuid.lib odbc32.lib odbccp32.lib /MANIFEST /MANIFESTUAC:"level='asInvoker' uiAccess='false'" /manifest:embed /Debug /PDB:"E:\practise\graphic\Graphics For Games\Debug\Extra - Geometry Shaders.pdb" /TLBID:1 /DYNAMICBASE /NXCOMPAT /IMPLIB:"E:\practise\graphic\Graphics For Games\Debug\Extra - Geometry Shaders.lib" /MACHINE:X86 Debug\Renderer.obj
         "Debug\Geometry Shaders.obj"
     1>Renderer.obj : warning LNK4049: locally defined symbol ___glewGetUniformLocation imported
     1>Renderer.obj : warning LNK4049: locally defined symbol ___glewUniform1f imported
     1>Renderer.obj : warning LNK4049: locally defined symbol ___glewUniform1i imported
     1>Renderer.obj : warning LNK4049: locally defined symbol ___glewUseProgram imported
     1>glew32.lib(glew.obj) : warning LNK4099: PDB 'vc120.pdb' was not found with 'glew32.lib(glew.obj)' or at 'E:\practise\graphic\Graphics For Games\Debug\vc120.pdb'; linking object as if no debug info
         Geometry.vcxproj -> E:\practise\graphic\Graphics For Games\Debug\Extra - Geometry Shaders.exe
     1>Done Building Project "E:\practise\graphic\Graphics For Games\Extra - Geometry Shaders\Geometry.vcxproj" (Rebuild target(s)).

Build succeeded.

Time Elapsed 00:00:01.62
